[2022-10-03T10:42:04.530] [ERROR] error - Error: Illegal argument undefined
    at module.exports (/Users/sunjinhua/Desktop/Program/coding/vue_koa_pro/koa_rd/node_modules/md5/md5.js:152:13)
    at /Users/sunjinhua/Desktop/Program/coding/vue_koa_pro/koa_rd/routes/users.js:19:16
    at dispatch (/Users/sunjinhua/Desktop/Program/coding/vue_koa_pro/koa_rd/node_modules/koa-router/node_modules/koa-compose/index.js:44:32)
    at next (/Users/sunjinhua/Desktop/Program/coding/vue_koa_pro/koa_rd/node_modules/koa-router/node_modules/koa-compose/index.js:45:18)
    at /Users/sunjinhua/Desktop/Program/coding/vue_koa_pro/koa_rd/node_modules/koa-router/lib/router.js:346:16
    at dispatch (/Users/sunjinhua/Desktop/Program/coding/vue_koa_pro/koa_rd/node_modules/koa-router/node_modules/koa-compose/index.js:44:32)
    at /Users/sunjinhua/Desktop/Program/coding/vue_koa_pro/koa_rd/node_modules/koa-router/node_modules/koa-compose/index.js:36:12
    at dispatch (/Users/sunjinhua/Desktop/Program/coding/vue_koa_pro/koa_rd/node_modules/koa-router/lib/router.js:351:31)
    at dispatch (/Users/sunjinhua/Desktop/Program/coding/vue_koa_pro/koa_rd/node_modules/koa-compose/index.js:42:32)
    at /Users/sunjinhua/Desktop/Program/coding/vue_koa_pro/koa_rd/app.js:35:9
    at dispatch (/Users/sunjinhua/Desktop/Program/coding/vue_koa_pro/koa_rd/node_modules/koa-compose/index.js:42:32)
    at views (/Users/sunjinhua/Desktop/Program/coding/vue_koa_pro/koa_rd/node_modules/koa-views/src/index.js:91:12)
    at dispatch (/Users/sunjinhua/Desktop/Program/coding/vue_koa_pro/koa_rd/node_modules/koa-compose/index.js:42:32)
    at serve (/Users/sunjinhua/Desktop/Program/coding/vue_koa_pro/koa_rd/node_modules/koa-static/index.js:53:15)
    at dispatch (/Users/sunjinhua/Desktop/Program/coding/vue_koa_pro/koa_rd/node_modules/koa-compose/index.js:42:32)
    at logger (/Users/sunjinhua/Desktop/Program/coding/vue_koa_pro/koa_rd/node_modules/koa-logger/index.js:67:13)
[2022-10-03T10:42:49.986] [ERROR] error - Error: Illegal argument undefined
    at module.exports (/Users/sunjinhua/Desktop/Program/coding/vue_koa_pro/koa_rd/node_modules/md5/md5.js:152:13)
    at /Users/sunjinhua/Desktop/Program/coding/vue_koa_pro/koa_rd/routes/users.js:19:16
    at dispatch (/Users/sunjinhua/Desktop/Program/coding/vue_koa_pro/koa_rd/node_modules/koa-router/node_modules/koa-compose/index.js:44:32)
    at next (/Users/sunjinhua/Desktop/Program/coding/vue_koa_pro/koa_rd/node_modules/koa-router/node_modules/koa-compose/index.js:45:18)
    at /Users/sunjinhua/Desktop/Program/coding/vue_koa_pro/koa_rd/node_modules/koa-router/lib/router.js:346:16
    at dispatch (/Users/sunjinhua/Desktop/Program/coding/vue_koa_pro/koa_rd/node_modules/koa-router/node_modules/koa-compose/index.js:44:32)
    at /Users/sunjinhua/Desktop/Program/coding/vue_koa_pro/koa_rd/node_modules/koa-router/node_modules/koa-compose/index.js:36:12
    at dispatch (/Users/sunjinhua/Desktop/Program/coding/vue_koa_pro/koa_rd/node_modules/koa-router/lib/router.js:351:31)
    at dispatch (/Users/sunjinhua/Desktop/Program/coding/vue_koa_pro/koa_rd/node_modules/koa-compose/index.js:42:32)
    at /Users/sunjinhua/Desktop/Program/coding/vue_koa_pro/koa_rd/app.js:35:9
    at dispatch (/Users/sunjinhua/Desktop/Program/coding/vue_koa_pro/koa_rd/node_modules/koa-compose/index.js:42:32)
    at views (/Users/sunjinhua/Desktop/Program/coding/vue_koa_pro/koa_rd/node_modules/koa-views/src/index.js:91:12)
    at dispatch (/Users/sunjinhua/Desktop/Program/coding/vue_koa_pro/koa_rd/node_modules/koa-compose/index.js:42:32)
    at serve (/Users/sunjinhua/Desktop/Program/coding/vue_koa_pro/koa_rd/node_modules/koa-static/index.js:53:15)
    at dispatch (/Users/sunjinhua/Desktop/Program/coding/vue_koa_pro/koa_rd/node_modules/koa-compose/index.js:42:32)
    at logger (/Users/sunjinhua/Desktop/Program/coding/vue_koa_pro/koa_rd/node_modules/koa-logger/index.js:67:13)
